<?xml version="1.0" encoding="UTF-8"?>
<!-- Generated by org.testng.reporters.JUnitXMLReporter -->
<testsuite ignored="0" hostname="Praveen" failures="0" tests="8" name="Default test" time="27.738" errors="0" timestamp="2026-06-23T19:57:12 IST">
  <testcase classname="Demo_WebShop_Test" name="registerTest" time="2.17"/>
  <testcase classname="Demo_WebShop_Test" name="loginTest" time="2.565"/>
  <testcase classname="Demo_WebShop_Test" name="booksTest" time="4.228"/>
  <testcase classname="Demo_WebShop_Test" name="cartTest" time="0.736"/>
  <testcase classname="Demo_WebShop_Test" name="navigationTest" time="0.715"/>
  <testcase classname="Demo_WebShop_Test" name="jewelryTest" time="3.51"/>
  <testcase classname="Demo_WebShop_Test" name="electronicsTest" time="4.27"/>
  <testcase classname="Demo_WebShop_Test" name="logoutTest" time="1.052"/>
</testsuite> <!-- Default test -->
